[2021-03-04T22:42:20.020Z] [org.springframework.boot.StartupInfoLogger] [restartedMain] [50] [INFO ] Starting AuthenticationServiceApplication on b2ml28034 with PID 24364 (D:\Dev\git\AtlantisLoyalityPlatform\Source\Service\loyalty-authentication-service\target\classes started by M1047627 in D:\Dev\git\AtlantisLoyalityPlatform\Source\Service\loyalty-authentication-service)
[2021-03-04T22:42:20.020Z] [org.springframework.boot.SpringApplication] [restartedMain] [659] [INFO ] No active profile set, falling back to default profiles: default
[2021-03-04T22:42:20.020Z] [org.springframework.context.support.AbstractApplicationContext] [restartedMain] [590] [INFO ] Refreshing org.springframework.boot.web.servlet.context.AnnotationConfigServletWebServerApplicationContext@5b90d1ae: startup date [Thu Mar 04 22:42:20 IST 2021]; root of context hierarchy
[2021-03-04T22:42:34.034Z] [org.springframework.boot.web.embedded.tomcat.TomcatWebServer] [restartedMain] [91] [INFO ] Tomcat initialized with port(s): 8800 (http)
[2021-03-04T22:42:34.034Z] [org.apache.juli.logging.DirectJDKLog] [restartedMain] [180] [INFO ] Initializing ProtocolHandler ["http-nio-8800"]
[2021-03-04T22:42:34.034Z] [org.apache.juli.logging.DirectJDKLog] [restartedMain] [180] [INFO ] Starting service [Tomcat]
[2021-03-04T22:42:34.034Z] [org.apache.juli.logging.DirectJDKLog] [restartedMain] [180] [INFO ] Starting Servlet Engine: Apache Tomcat/8.5.31
[2021-03-04T22:42:34.034Z] [org.apache.juli.logging.DirectJDKLog] [localhost-startStop-1] [180] [INFO ] The APR based Apache Tomcat Native library which allows optimal performance in production environments was not found on the java.library.path: [C:\Program Files\Java\jdk-11\bin;C:\WINDOWS\Sun\Java\bin;C:\WINDOWS\system32;C:\WINDOWS;C:/Program Files/Java/jdk-11/bin/server;C:/Program Files/Java/jdk-11/bin;C:\Program Files (x86)\Common Files\Oracle\Java\javapath;C:\Program Files\Python38\Scripts\;C:\Program Files\Python38\;C:\WINDOWS\system32;C:\WINDOWS;C:\WINDOWS\System32\Wbem;C:\WINDOWS\System32\WindowsPowerShell\v1.0\;D:\Dev\Installations\apache-maven-3.5.4\\bin;D:\Dev\Installations\gradle-4.9\bin;D:\Dev\Installations\scala-2.12.3\bin;C:\Program Files\Java\jdk-11\bin;C:\Program Files\TortoiseSVN\bin;C:\Program Files\MySQL\MySQL Utilities 1.6\;C:\Program Files\PuTTY\;D:\kubectl;C:\WINDOWS\System32\OpenSSH\;C:\ProgramData\Anaconda2;C:\ProgramData\Anaconda2\Scripts;C:\Program Files\Git\cmd;C:\Users\m1047627\AppData\Local\Programs\Python\Python38\Scripts\;C:\Users\m1047627\AppData\Local\Programs\Python\Python38\;C:\Users\m1047627\AppData\Local\Microsoft\WindowsApps;D:\kubectl;D:\Dev\Installations\sbt-1.3.8\bin;D:\Dev\Installations\SoftHSM2\lib;D:\SoftHSM2\bin;D:\Dev\Installations\ballerina-1.2.8\bin;;D:\Dev\Installations\Eclipse\eclipse-jee-2020-06-R-win32-x86_64;;.]
[2021-03-04T22:42:35.035Z] [org.apache.juli.logging.DirectJDKLog] [localhost-startStop-1] [180] [INFO ] Initializing Spring embedded WebApplicationContext
[2021-03-04T22:42:35.035Z] [org.springframework.boot.web.servlet.context.ServletWebServerApplicationContext] [localhost-startStop-1] [285] [INFO ] Root WebApplicationContext: initialization completed in 14829 ms
[2021-03-04T22:42:36.036Z] [org.springframework.boot.web.servlet.ServletRegistrationBean] [localhost-startStop-1] [185] [INFO ] Servlet dispatcherServlet mapped to [/]
[2021-03-04T22:42:36.036Z] [org.springframework.boot.web.servlet.ServletRegistrationBean] [localhost-startStop-1] [185] [INFO ] Servlet webServlet mapped to [/h2-console/*]
[2021-03-04T22:42:36.036Z] [org.springframework.boot.web.servlet.AbstractFilterRegistrationBean] [localhost-startStop-1] [244] [INFO ] Mapping filter: 'characterEncodingFilter' to: [/*]
[2021-03-04T22:42:36.036Z] [org.springframework.boot.web.servlet.AbstractFilterRegistrationBean] [localhost-startStop-1] [244] [INFO ] Mapping filter: 'hiddenHttpMethodFilter' to: [/*]
[2021-03-04T22:42:36.036Z] [org.springframework.boot.web.servlet.AbstractFilterRegistrationBean] [localhost-startStop-1] [244] [INFO ] Mapping filter: 'httpPutFormContentFilter' to: [/*]
[2021-03-04T22:42:37.037Z] [org.springframework.boot.web.servlet.AbstractFilterRegistrationBean] [localhost-startStop-1] [244] [INFO ] Mapping filter: 'requestContextFilter' to: [/*]
[2021-03-04T22:42:39.039Z] [org.springframework.web.servlet.handler.AbstractHandlerMethodMapping$MappingRegistry] [restartedMain] [547] [INFO ] Mapped "{[/clientlogin],methods=[POST]}" onto public com.mindtree.atlantis.loyalty.core.dto.ResponseWrapper<com.mindtree.atlantis.loyalty.core.dto.StatusResponseDTO> com.mindtree.atlantis.loyalty.auth.controller.AuthenticationController.clientLogin(com.mindtree.atlantis.loyalty.core.dto.RequestWrapper<com.mindtree.atlantis.loyalty.core.dto.auth.ClientAuthRequestDTO>) throws com.mindtree.atlantis.loyalty.core.exception.AtlantisBaseCheckedException
[2021-03-04T22:42:39.039Z] [org.springframework.web.servlet.handler.AbstractHandlerMethodMapping$MappingRegistry] [restartedMain] [547] [INFO ] Mapped "{[/swagger-resources/configuration/security]}" onto public org.springframework.http.ResponseEntity<springfox.documentation.swagger.web.SecurityConfiguration> springfox.documentation.swagger.web.ApiResourceController.securityConfiguration()
[2021-03-04T22:42:39.039Z] [org.springframework.web.servlet.handler.AbstractHandlerMethodMapping$MappingRegistry] [restartedMain] [547] [INFO ] Mapped "{[/swagger-resources]}" onto public org.springframework.http.ResponseEntity<java.util.List<springfox.documentation.swagger.web.SwaggerResource>> springfox.documentation.swagger.web.ApiResourceController.swaggerResources()
[2021-03-04T22:42:39.039Z] [org.springframework.web.servlet.handler.AbstractHandlerMethodMapping$MappingRegistry] [restartedMain] [547] [INFO ] Mapped "{[/swagger-resources/configuration/ui]}" onto public org.springframework.http.ResponseEntity<springfox.documentation.swagger.web.UiConfiguration> springfox.documentation.swagger.web.ApiResourceController.uiConfiguration()
[2021-03-04T22:42:39.039Z] [org.springframework.web.servlet.handler.AbstractHandlerMethodMapping$MappingRegistry] [restartedMain] [547] [INFO ] Mapped "{[/error]}" onto public org.springframework.http.ResponseEntity<java.util.Map<java.lang.String, java.lang.Object>> org.springframework.boot.autoconfigure.web.servlet.error.BasicErrorController.error(javax.servlet.http.HttpServletRequest)
[2021-03-04T22:42:39.039Z] [org.springframework.web.servlet.handler.AbstractHandlerMethodMapping$MappingRegistry] [restartedMain] [547] [INFO ] Mapped "{[/error],produces=[text/html]}" onto public org.springframework.web.servlet.ModelAndView org.springframework.boot.autoconfigure.web.servlet.error.BasicErrorController.errorHtml(javax.servlet.http.HttpServletRequest,javax.servlet.http.HttpServletResponse)
[2021-03-04T22:42:40.040Z] [springfox.documentation.spring.web.PropertySourcedRequestMappingHandlerMapping] [restartedMain] [69] [INFO ] Mapped URL path [/v2/api-docs] onto method [public org.springframework.http.ResponseEntity<springfox.documentation.spring.web.json.Json> springfox.documentation.swagger2.web.Swagger2Controller.getDocumentation(java.lang.String,javax.servlet.http.HttpServletRequest)]
[2021-03-04T22:42:41.041Z] [org.springframework.web.servlet.handler.AbstractUrlHandlerMapping] [restartedMain] [373] [INFO ] Mapped URL path [/**/favicon.ico] onto handler of type [class org.springframework.web.servlet.resource.ResourceHttpRequestHandler]
[2021-03-04T22:42:41.041Z] [org.springframework.web.servlet.mvc.method.annotation.RequestMappingHandlerAdapter] [restartedMain] [574] [INFO ] Looking for @ControllerAdvice: org.springframework.boot.web.servlet.context.AnnotationConfigServletWebServerApplicationContext@5b90d1ae: startup date [Thu Mar 04 22:42:20 IST 2021]; root of context hierarchy
[2021-03-04T22:42:42.042Z] [org.springframework.web.servlet.handler.AbstractUrlHandlerMapping] [restartedMain] [373] [INFO ] Mapped URL path [/webjars/**] onto handler of type [class org.springframework.web.servlet.resource.ResourceHttpRequestHandler]
[2021-03-04T22:42:42.042Z] [org.springframework.web.servlet.handler.AbstractUrlHandlerMapping] [restartedMain] [373] [INFO ] Mapped URL path [/**] onto handler of type [class org.springframework.web.servlet.resource.ResourceHttpRequestHandler]
[2021-03-04T22:42:42.042Z] [org.springframework.web.servlet.mvc.method.annotation.ExceptionHandlerExceptionResolver] [restartedMain] [288] [INFO ] Detected @ExceptionHandler methods in com.mindtree.atlantis.loyalty.core.exception.AtlantisExceptionHandler
[2021-03-04T22:42:43.043Z] [org.springframework.boot.devtools.autoconfigure.OptionalLiveReloadServer] [restartedMain] [57] [INFO ] LiveReload server is running on port 35729
[2021-03-04T22:42:43.043Z] [org.springframework.jmx.export.MBeanExporter] [restartedMain] [433] [INFO ] Registering beans for JMX exposure on startup
[2021-03-04T22:42:44.044Z] [org.springframework.context.support.DefaultLifecycleProcessor$LifecycleGroup] [restartedMain] [351] [INFO ] Starting beans in phase 2147483647
[2021-03-04T22:42:44.044Z] [springfox.documentation.spring.web.plugins.DocumentationPluginsBootstrapper] [restartedMain] [160] [INFO ] Context refreshed
[2021-03-04T22:42:44.044Z] [springfox.documentation.spring.web.plugins.DocumentationPluginsBootstrapper] [restartedMain] [163] [INFO ] Found 1 custom documentation plugin(s)
[2021-03-04T22:42:44.044Z] [springfox.documentation.spring.web.scanners.ApiListingReferenceScanner] [restartedMain] [41] [INFO ] Scanning for api listing references
[2021-03-04T22:42:45.045Z] [org.apache.juli.logging.DirectJDKLog] [restartedMain] [180] [INFO ] Starting ProtocolHandler ["http-nio-8800"]
[2021-03-04T22:42:45.045Z] [org.apache.juli.logging.DirectJDKLog] [restartedMain] [180] [INFO ] Using a shared selector for servlet write/read
[2021-03-04T22:42:45.045Z] [org.springframework.boot.web.embedded.tomcat.TomcatWebServer] [restartedMain] [206] [INFO ] Tomcat started on port(s): 8800 (http) with context path '/v1/authentication'
[2021-03-04T22:42:45.045Z] [org.springframework.boot.StartupInfoLogger] [restartedMain] [59] [INFO ] Started AuthenticationServiceApplication in 28.216 seconds (JVM running for 33.997)
[2021-03-04T22:43:29.029Z] [org.apache.juli.logging.DirectJDKLog] [http-nio-8800-exec-1] [180] [INFO ] Initializing Spring FrameworkServlet 'dispatcherServlet'
[2021-03-04T22:43:29.029Z] [org.springframework.web.servlet.FrameworkServlet] [http-nio-8800-exec-1] [494] [INFO ] FrameworkServlet 'dispatcherServlet': initialization started
[2021-03-04T22:43:29.029Z] [org.springframework.web.servlet.FrameworkServlet] [http-nio-8800-exec-1] [509] [INFO ] FrameworkServlet 'dispatcherServlet': initialization completed in 158 ms
[2021-03-04T22:43:43.043Z] [org.springframework.web.servlet.mvc.method.annotation.ExceptionHandlerExceptionResolver] [http-nio-8800-exec-1] [411] [WARN ] Failed to invoke @ExceptionHandler method: protected org.springframework.http.ResponseEntity<java.lang.Object> com.mindtree.atlantis.loyalty.core.exception.AtlantisExceptionHandler.handleAtlantisExceptions(com.mindtree.atlantis.loyalty.core.exception.AtlantisBaseCheckedException,org.springframework.web.context.request.WebRequest)
java.lang.NullPointerException: The prefix must not be null
	at java.base/java.util.Objects.requireNonNull(Objects.java:246)
	at java.base/java.util.StringJoiner.<init>(StringJoiner.java:121)
	at java.base/java.util.stream.Collectors.lambda$joining$11(Collectors.java:403)
	at java.base/java.util.stream.ReduceOps$3ReducingSink.begin(ReduceOps.java:164)
	at java.base/java.util.stream.Sink$ChainedReference.begin(Sink.java:253)
	at java.base/java.util.stream.AbstractPipeline.copyInto(AbstractPipeline.java:483)
	at java.base/java.util.stream.AbstractPipeline.wrapAndCopyInto(AbstractPipeline.java:474)
	at java.base/java.util.stream.ReduceOps$ReduceOp.evaluateSequential(ReduceOps.java:913)
	at java.base/java.util.stream.AbstractPipeline.evaluate(AbstractPipeline.java:234)
	at java.base/java.util.stream.ReferencePipeline.collect(ReferencePipeline.java:578)
	at com.mindtree.atlantis.loyalty.core.util.ExceptionUtil.getStackTraceAsString(ExceptionUtil.java:12)
	at com.mindtree.atlantis.loyalty.core.exception.AtlantisExceptionHandler.handleAtlantisExceptions(AtlantisExceptionHandler.java:33)
	at java.base/jdk.internal.reflect.NativeMethodAccessorImpl.invoke0(Native Method)
	at java.base/jdk.internal.reflect.NativeMethodAccessorImpl.invoke(NativeMethodAccessorImpl.java:62)
	at java.base/jdk.internal.reflect.DelegatingMethodAccessorImpl.invoke(DelegatingMethodAccessorImpl.java:43)
	at java.base/java.lang.reflect.Method.invoke(Method.java:566)
	at org.springframework.web.method.support.InvocableHandlerMethod.doInvoke(InvocableHandlerMethod.java:209)
	at org.springframework.web.method.support.InvocableHandlerMethod.invokeForRequest(InvocableHandlerMethod.java:136)
	at org.springframework.web.servlet.mvc.method.annotation.ServletInvocableHandlerMethod.invokeAndHandle(ServletInvocableHandlerMethod.java:102)
	at org.springframework.web.servlet.mvc.method.annotation.ExceptionHandlerExceptionResolver.doResolveHandlerMethodException(ExceptionHandlerExceptionResolver.java:400)
	at org.springframework.web.servlet.handler.AbstractHandlerMethodExceptionResolver.doResolveException(AbstractHandlerMethodExceptionResolver.java:61)
	at org.springframework.web.servlet.handler.AbstractHandlerExceptionResolver.resolveException(AbstractHandlerExceptionResolver.java:139)
	at org.springframework.web.servlet.handler.HandlerExceptionResolverComposite.resolveException(HandlerExceptionResolverComposite.java:78)
	at org.springframework.web.servlet.DispatcherServlet.processHandlerException(DispatcherServlet.java:1255)
	at org.springframework.web.servlet.DispatcherServlet.processDispatchResult(DispatcherServlet.java:1062)
	at org.springframework.web.servlet.DispatcherServlet.doDispatch(DispatcherServlet.java:1008)
	at org.springframework.web.servlet.DispatcherServlet.doService(DispatcherServlet.java:925)
	at org.springframework.web.servlet.FrameworkServlet.processRequest(FrameworkServlet.java:974)
	at org.springframework.web.servlet.FrameworkServlet.doPost(FrameworkServlet.java:877)
	at javax.servlet.http.HttpServlet.service(HttpServlet.java:661)
	at org.springframework.web.servlet.FrameworkServlet.service(FrameworkServlet.java:851)
	at javax.servlet.http.HttpServlet.service(HttpServlet.java:742)
	at org.apache.catalina.core.ApplicationFilterChain.internalDoFilter(ApplicationFilterChain.java:231)
	at org.apache.catalina.core.ApplicationFilterChain.doFilter(ApplicationFilterChain.java:166)
	at org.apache.tomcat.websocket.server.WsFilter.doFilter(WsFilter.java:52)
	at org.apache.catalina.core.ApplicationFilterChain.internalDoFilter(ApplicationFilterChain.java:193)
	at org.apache.catalina.core.ApplicationFilterChain.doFilter(ApplicationFilterChain.java:166)
	at org.springframework.web.filter.RequestContextFilter.doFilterInternal(RequestContextFilter.java:99)
	at org.springframework.web.filter.OncePerRequestFilter.doFilter(OncePerRequestFilter.java:107)
	at org.apache.catalina.core.ApplicationFilterChain.internalDoFilter(ApplicationFilterChain.java:193)
	at org.apache.catalina.core.ApplicationFilterChain.doFilter(ApplicationFilterChain.java:166)
	at org.springframework.web.filter.HttpPutFormContentFilter.doFilterInternal(HttpPutFormContentFilter.java:109)
	at org.springframework.web.filter.OncePerRequestFilter.doFilter(OncePerRequestFilter.java:107)
	at org.apache.catalina.core.ApplicationFilterChain.internalDoFilter(ApplicationFilterChain.java:193)
	at org.apache.catalina.core.ApplicationFilterChain.doFilter(ApplicationFilterChain.java:166)
	at org.springframework.web.filter.HiddenHttpMethodFilter.doFilterInternal(HiddenHttpMethodFilter.java:81)
	at org.springframework.web.filter.OncePerRequestFilter.doFilter(OncePerRequestFilter.java:107)
	at org.apache.catalina.core.ApplicationFilterChain.internalDoFilter(ApplicationFilterChain.java:193)
	at org.apache.catalina.core.ApplicationFilterChain.doFilter(ApplicationFilterChain.java:166)
	at org.springframework.web.filter.CharacterEncodingFilter.doFilterInternal(CharacterEncodingFilter.java:200)
	at org.springframework.web.filter.OncePerRequestFilter.doFilter(OncePerRequestFilter.java:107)
	at org.apache.catalina.core.ApplicationFilterChain.internalDoFilter(ApplicationFilterChain.java:193)
	at org.apache.catalina.core.ApplicationFilterChain.doFilter(ApplicationFilterChain.java:166)
	at org.apache.catalina.core.StandardWrapperValve.invoke(StandardWrapperValve.java:198)
	at org.apache.catalina.core.StandardContextValve.invoke(StandardContextValve.java:96)
	at org.apache.catalina.authenticator.AuthenticatorBase.invoke(AuthenticatorBase.java:496)
	at org.apache.catalina.core.StandardHostValve.invoke(StandardHostValve.java:140)
	at org.apache.catalina.valves.ErrorReportValve.invoke(ErrorReportValve.java:81)
	at org.apache.catalina.core.StandardEngineValve.invoke(StandardEngineValve.java:87)
	at org.apache.catalina.connector.CoyoteAdapter.service(CoyoteAdapter.java:342)
	at org.apache.coyote.http11.Http11Processor.service(Http11Processor.java:803)
	at org.apache.coyote.AbstractProcessorLight.process(AbstractProcessorLight.java:66)
	at org.apache.coyote.AbstractProtocol$ConnectionHandler.process(AbstractProtocol.java:790)
	at org.apache.tomcat.util.net.NioEndpoint$SocketProcessor.doRun(NioEndpoint.java:1468)
	at org.apache.tomcat.util.net.SocketProcessorBase.run(SocketProcessorBase.java:49)
	at java.base/java.util.concurrent.ThreadPoolExecutor.runWorker(ThreadPoolExecutor.java:1128)
	at java.base/java.util.concurrent.ThreadPoolExecutor$Worker.run(ThreadPoolExecutor.java:628)
	at org.apache.tomcat.util.threads.TaskThread$WrappingRunnable.run(TaskThread.java:61)
	at java.base/java.lang.Thread.run(Thread.java:834)
[2021-03-04T22:43:43.043Z] [org.apache.juli.logging.DirectJDKLog] [http-nio-8800-exec-1] [182] [ERROR] Servlet.service() for servlet [dispatcherServlet] in context with path [/v1/authentication] threw exception [Request processing failed; nested exception is com.mindtree.atlantis.loyalty.core.exception.RestException: java.lang.Exception: invalid_client : INVALID_CREDENTIALS: Invalid client credentials] with root cause
java.lang.Exception: invalid_client : INVALID_CREDENTIALS: Invalid client credentials
	at com.mindtree.atlantis.loyalty.auth.integration.KeycloakManager.loginClient(KeycloakManager.java:40)
	at com.mindtree.atlantis.loyalty.auth.service.impl.AuthenticationServiceImpl.authenticateClient(AuthenticationServiceImpl.java:22)
	at com.mindtree.atlantis.loyalty.auth.controller.AuthenticationController.clientLogin(AuthenticationController.java:23)
	at java.base/jdk.internal.reflect.NativeMethodAccessorImpl.invoke0(Native Method)
	at java.base/jdk.internal.reflect.NativeMethodAccessorImpl.invoke(NativeMethodAccessorImpl.java:62)
	at java.base/jdk.internal.reflect.DelegatingMethodAccessorImpl.invoke(DelegatingMethodAccessorImpl.java:43)
	at java.base/java.lang.reflect.Method.invoke(Method.java:566)
	at org.springframework.web.method.support.InvocableHandlerMethod.doInvoke(InvocableHandlerMethod.java:209)
	at org.springframework.web.method.support.InvocableHandlerMethod.invokeForRequest(InvocableHandlerMethod.java:136)
	at org.springframework.web.servlet.mvc.method.annotation.ServletInvocableHandlerMethod.invokeAndHandle(ServletInvocableHandlerMethod.java:102)
	at org.springframework.web.servlet.mvc.method.annotation.RequestMappingHandlerAdapter.invokeHandlerMethod(RequestMappingHandlerAdapter.java:877)
	at org.springframework.web.servlet.mvc.method.annotation.RequestMappingHandlerAdapter.handleInternal(RequestMappingHandlerAdapter.java:783)
	at org.springframework.web.servlet.mvc.method.AbstractHandlerMethodAdapter.handle(AbstractHandlerMethodAdapter.java:87)
	at org.springframework.web.servlet.DispatcherServlet.doDispatch(DispatcherServlet.java:991)
	at org.springframework.web.servlet.DispatcherServlet.doService(DispatcherServlet.java:925)
	at org.springframework.web.servlet.FrameworkServlet.processRequest(FrameworkServlet.java:974)
	at org.springframework.web.servlet.FrameworkServlet.doPost(FrameworkServlet.java:877)
	at javax.servlet.http.HttpServlet.service(HttpServlet.java:661)
	at org.springframework.web.servlet.FrameworkServlet.service(FrameworkServlet.java:851)
	at javax.servlet.http.HttpServlet.service(HttpServlet.java:742)
	at org.apache.catalina.core.ApplicationFilterChain.internalDoFilter(ApplicationFilterChain.java:231)
	at org.apache.catalina.core.ApplicationFilterChain.doFilter(ApplicationFilterChain.java:166)
	at org.apache.tomcat.websocket.server.WsFilter.doFilter(WsFilter.java:52)
	at org.apache.catalina.core.ApplicationFilterChain.internalDoFilter(ApplicationFilterChain.java:193)
	at org.apache.catalina.core.ApplicationFilterChain.doFilter(ApplicationFilterChain.java:166)
	at org.springframework.web.filter.RequestContextFilter.doFilterInternal(RequestContextFilter.java:99)
	at org.springframework.web.filter.OncePerRequestFilter.doFilter(OncePerRequestFilter.java:107)
	at org.apache.catalina.core.ApplicationFilterChain.internalDoFilter(ApplicationFilterChain.java:193)
	at org.apache.catalina.core.ApplicationFilterChain.doFilter(ApplicationFilterChain.java:166)
	at org.springframework.web.filter.HttpPutFormContentFilter.doFilterInternal(HttpPutFormContentFilter.java:109)
	at org.springframework.web.filter.OncePerRequestFilter.doFilter(OncePerRequestFilter.java:107)
	at org.apache.catalina.core.ApplicationFilterChain.internalDoFilter(ApplicationFilterChain.java:193)
	at org.apache.catalina.core.ApplicationFilterChain.doFilter(ApplicationFilterChain.java:166)
	at org.springframework.web.filter.HiddenHttpMethodFilter.doFilterInternal(HiddenHttpMethodFilter.java:81)
	at org.springframework.web.filter.OncePerRequestFilter.doFilter(OncePerRequestFilter.java:107)
	at org.apache.catalina.core.ApplicationFilterChain.internalDoFilter(ApplicationFilterChain.java:193)
	at org.apache.catalina.core.ApplicationFilterChain.doFilter(ApplicationFilterChain.java:166)
	at org.springframework.web.filter.CharacterEncodingFilter.doFilterInternal(CharacterEncodingFilter.java:200)
	at org.springframework.web.filter.OncePerRequestFilter.doFilter(OncePerRequestFilter.java:107)
	at org.apache.catalina.core.ApplicationFilterChain.internalDoFilter(ApplicationFilterChain.java:193)
	at org.apache.catalina.core.ApplicationFilterChain.doFilter(ApplicationFilterChain.java:166)
	at org.apache.catalina.core.StandardWrapperValve.invoke(StandardWrapperValve.java:198)
	at org.apache.catalina.core.StandardContextValve.invoke(StandardContextValve.java:96)
	at org.apache.catalina.authenticator.AuthenticatorBase.invoke(AuthenticatorBase.java:496)
	at org.apache.catalina.core.StandardHostValve.invoke(StandardHostValve.java:140)
	at org.apache.catalina.valves.ErrorReportValve.invoke(ErrorReportValve.java:81)
	at org.apache.catalina.core.StandardEngineValve.invoke(StandardEngineValve.java:87)
	at org.apache.catalina.connector.CoyoteAdapter.service(CoyoteAdapter.java:342)
	at org.apache.coyote.http11.Http11Processor.service(Http11Processor.java:803)
	at org.apache.coyote.AbstractProcessorLight.process(AbstractProcessorLight.java:66)
	at org.apache.coyote.AbstractProtocol$ConnectionHandler.process(AbstractProtocol.java:790)
	at org.apache.tomcat.util.net.NioEndpoint$SocketProcessor.doRun(NioEndpoint.java:1468)
	at org.apache.tomcat.util.net.SocketProcessorBase.run(SocketProcessorBase.java:49)
	at java.base/java.util.concurrent.ThreadPoolExecutor.runWorker(ThreadPoolExecutor.java:1128)
	at java.base/java.util.concurrent.ThreadPoolExecutor$Worker.run(ThreadPoolExecutor.java:628)
	at org.apache.tomcat.util.threads.TaskThread$WrappingRunnable.run(TaskThread.java:61)
	at java.base/java.lang.Thread.run(Thread.java:834)
[2021-03-04T22:44:10.010Z] [org.springframework.context.support.AbstractApplicationContext] [Thread-5] [993] [INFO ] Closing org.springframework.boot.web.servlet.context.AnnotationConfigServletWebServerApplicationContext@5b90d1ae: startup date [Thu Mar 04 22:42:20 IST 2021]; root of context hierarchy
[2021-03-04T22:44:10.010Z] [org.springframework.context.support.DefaultLifecycleProcessor$LifecycleGroup] [Thread-5] [366] [INFO ] Stopping beans in phase 2147483647
[2021-03-04T22:44:10.010Z] [org.springframework.jmx.export.MBeanExporter] [Thread-5] [451] [INFO ] Unregistering JMX-exposed beans on shutdown
[2021-03-04T22:44:17.017Z] [org.springframework.boot.StartupInfoLogger] [restartedMain] [50] [INFO ] Starting AuthenticationServiceApplication on b2ml28034 with PID 24364 (D:\Dev\git\AtlantisLoyalityPlatform\Source\Service\loyalty-authentication-service\target\classes started by M1047627 in D:\Dev\git\AtlantisLoyalityPlatform\Source\Service\loyalty-authentication-service)
[2021-03-04T22:44:17.017Z] [org.springframework.boot.SpringApplication] [restartedMain] [659] [INFO ] No active profile set, falling back to default profiles: default
[2021-03-04T22:44:17.017Z] [org.springframework.context.support.AbstractApplicationContext] [restartedMain] [590] [INFO ] Refreshing org.springframework.boot.web.servlet.context.AnnotationConfigServletWebServerApplicationContext@392b2bb0: startup date [Thu Mar 04 22:44:17 IST 2021]; root of context hierarchy
[2021-03-04T22:44:25.025Z] [org.springframework.boot.web.embedded.tomcat.TomcatWebServer] [restartedMain] [91] [INFO ] Tomcat initialized with port(s): 8800 (http)
[2021-03-04T22:44:25.025Z] [org.apache.juli.logging.DirectJDKLog] [restartedMain] [180] [INFO ] Initializing ProtocolHandler ["http-nio-8800"]
[2021-03-04T22:44:25.025Z] [org.apache.juli.logging.DirectJDKLog] [restartedMain] [180] [INFO ] Starting service [Tomcat]
[2021-03-04T22:44:25.025Z] [org.apache.juli.logging.DirectJDKLog] [restartedMain] [180] [INFO ] Starting Servlet Engine: Apache Tomcat/8.5.31
[2021-03-04T22:44:25.025Z] [org.apache.juli.logging.DirectJDKLog] [localhost-startStop-1] [180] [INFO ] Initializing Spring embedded WebApplicationContext
[2021-03-04T22:44:25.025Z] [org.springframework.boot.web.servlet.context.ServletWebServerApplicationContext] [localhost-startStop-1] [285] [INFO ] Root WebApplicationContext: initialization completed in 7692 ms
[2021-03-04T22:44:25.025Z] [org.springframework.boot.web.servlet.ServletRegistrationBean] [localhost-startStop-1] [185] [INFO ] Servlet dispatcherServlet mapped to [/]
[2021-03-04T22:44:25.025Z] [org.springframework.boot.web.servlet.ServletRegistrationBean] [localhost-startStop-1] [185] [INFO ] Servlet webServlet mapped to [/h2-console/*]
[2021-03-04T22:44:25.025Z] [org.springframework.boot.web.servlet.AbstractFilterRegistrationBean] [localhost-startStop-1] [244] [INFO ] Mapping filter: 'characterEncodingFilter' to: [/*]
[2021-03-04T22:44:25.025Z] [org.springframework.boot.web.servlet.AbstractFilterRegistrationBean] [localhost-startStop-1] [244] [INFO ] Mapping filter: 'hiddenHttpMethodFilter' to: [/*]
[2021-03-04T22:44:25.025Z] [org.springframework.boot.web.servlet.AbstractFilterRegistrationBean] [localhost-startStop-1] [244] [INFO ] Mapping filter: 'httpPutFormContentFilter' to: [/*]
[2021-03-04T22:44:25.025Z] [org.springframework.boot.web.servlet.AbstractFilterRegistrationBean] [localhost-startStop-1] [244] [INFO ] Mapping filter: 'requestContextFilter' to: [/*]
[2021-03-04T22:44:26.026Z] [org.springframework.web.servlet.handler.AbstractHandlerMethodMapping$MappingRegistry] [restartedMain] [547] [INFO ] Mapped "{[/clientlogin],methods=[POST]}" onto public com.mindtree.atlantis.loyalty.core.dto.ResponseWrapper<com.mindtree.atlantis.loyalty.core.dto.StatusResponseDTO> com.mindtree.atlantis.loyalty.auth.controller.AuthenticationController.clientLogin(com.mindtree.atlantis.loyalty.core.dto.RequestWrapper<com.mindtree.atlantis.loyalty.core.dto.auth.ClientAuthRequestDTO>) throws com.mindtree.atlantis.loyalty.core.exception.AtlantisBaseCheckedException
[2021-03-04T22:44:27.027Z] [org.springframework.web.servlet.handler.AbstractHandlerMethodMapping$MappingRegistry] [restartedMain] [547] [INFO ] Mapped "{[/swagger-resources/configuration/security]}" onto public org.springframework.http.ResponseEntity<springfox.documentation.swagger.web.SecurityConfiguration> springfox.documentation.swagger.web.ApiResourceController.securityConfiguration()
[2021-03-04T22:44:27.027Z] [org.springframework.web.servlet.handler.AbstractHandlerMethodMapping$MappingRegistry] [restartedMain] [547] [INFO ] Mapped "{[/swagger-resources]}" onto public org.springframework.http.ResponseEntity<java.util.List<springfox.documentation.swagger.web.SwaggerResource>> springfox.documentation.swagger.web.ApiResourceController.swaggerResources()
[2021-03-04T22:44:27.027Z] [org.springframework.web.servlet.handler.AbstractHandlerMethodMapping$MappingRegistry] [restartedMain] [547] [INFO ] Mapped "{[/swagger-resources/configuration/ui]}" onto public org.springframework.http.ResponseEntity<springfox.documentation.swagger.web.UiConfiguration> springfox.documentation.swagger.web.ApiResourceController.uiConfiguration()
[2021-03-04T22:44:27.027Z] [org.springframework.web.servlet.handler.AbstractHandlerMethodMapping$MappingRegistry] [restartedMain] [547] [INFO ] Mapped "{[/error]}" onto public org.springframework.http.ResponseEntity<java.util.Map<java.lang.String, java.lang.Object>> org.springframework.boot.autoconfigure.web.servlet.error.BasicErrorController.error(javax.servlet.http.HttpServletRequest)
[2021-03-04T22:44:27.027Z] [org.springframework.web.servlet.handler.AbstractHandlerMethodMapping$MappingRegistry] [restartedMain] [547] [INFO ] Mapped "{[/error],produces=[text/html]}" onto public org.springframework.web.servlet.ModelAndView org.springframework.boot.autoconfigure.web.servlet.error.BasicErrorController.errorHtml(javax.servlet.http.HttpServletRequest,javax.servlet.http.HttpServletResponse)
[2021-03-04T22:44:27.027Z] [springfox.documentation.spring.web.PropertySourcedRequestMappingHandlerMapping] [restartedMain] [69] [INFO ] Mapped URL path [/v2/api-docs] onto method [public org.springframework.http.ResponseEntity<springfox.documentation.spring.web.json.Json> springfox.documentation.swagger2.web.Swagger2Controller.getDocumentation(java.lang.String,javax.servlet.http.HttpServletRequest)]
[2021-03-04T22:44:27.027Z] [org.springframework.web.servlet.handler.AbstractUrlHandlerMapping] [restartedMain] [373] [INFO ] Mapped URL path [/**/favicon.ico] onto handler of type [class org.springframework.web.servlet.resource.ResourceHttpRequestHandler]
[2021-03-04T22:44:27.027Z] [org.springframework.web.servlet.mvc.method.annotation.RequestMappingHandlerAdapter] [restartedMain] [574] [INFO ] Looking for @ControllerAdvice: org.springframework.boot.web.servlet.context.AnnotationConfigServletWebServerApplicationContext@392b2bb0: startup date [Thu Mar 04 22:44:17 IST 2021]; root of context hierarchy
[2021-03-04T22:44:28.028Z] [org.springframework.web.servlet.handler.AbstractUrlHandlerMapping] [restartedMain] [373] [INFO ] Mapped URL path [/webjars/**] onto handler of type [class org.springframework.web.servlet.resource.ResourceHttpRequestHandler]
[2021-03-04T22:44:28.028Z] [org.springframework.web.servlet.handler.AbstractUrlHandlerMapping] [restartedMain] [373] [INFO ] Mapped URL path [/**] onto handler of type [class org.springframework.web.servlet.resource.ResourceHttpRequestHandler]
[2021-03-04T22:44:28.028Z] [org.springframework.web.servlet.mvc.method.annotation.ExceptionHandlerExceptionResolver] [restartedMain] [288] [INFO ] Detected @ExceptionHandler methods in com.mindtree.atlantis.loyalty.core.exception.AtlantisExceptionHandler
[2021-03-04T22:44:28.028Z] [org.springframework.boot.devtools.autoconfigure.OptionalLiveReloadServer] [restartedMain] [57] [INFO ] LiveReload server is running on port 35729
[2021-03-04T22:44:28.028Z] [org.springframework.jmx.export.MBeanExporter] [restartedMain] [433] [INFO ] Registering beans for JMX exposure on startup
[2021-03-04T22:44:28.028Z] [org.springframework.context.support.DefaultLifecycleProcessor$LifecycleGroup] [restartedMain] [351] [INFO ] Starting beans in phase 2147483647
[2021-03-04T22:44:28.028Z] [springfox.documentation.spring.web.plugins.DocumentationPluginsBootstrapper] [restartedMain] [160] [INFO ] Context refreshed
[2021-03-04T22:44:28.028Z] [springfox.documentation.spring.web.plugins.DocumentationPluginsBootstrapper] [restartedMain] [163] [INFO ] Found 1 custom documentation plugin(s)
[2021-03-04T22:44:28.028Z] [springfox.documentation.spring.web.scanners.ApiListingReferenceScanner] [restartedMain] [41] [INFO ] Scanning for api listing references
[2021-03-04T22:44:29.029Z] [org.apache.juli.logging.DirectJDKLog] [restartedMain] [180] [INFO ] Starting ProtocolHandler ["http-nio-8800"]
[2021-03-04T22:44:29.029Z] [org.apache.juli.logging.DirectJDKLog] [restartedMain] [180] [INFO ] Using a shared selector for servlet write/read
[2021-03-04T22:44:29.029Z] [org.springframework.boot.web.embedded.tomcat.TomcatWebServer] [restartedMain] [206] [INFO ] Tomcat started on port(s): 8800 (http) with context path '/v1/authentication'
[2021-03-04T22:44:29.029Z] [org.springframework.boot.StartupInfoLogger] [restartedMain] [59] [INFO ] Started AuthenticationServiceApplication in 11.993 seconds (JVM running for 137.715)
[2021-03-04T22:44:29.029Z] [org.springframework.boot.devtools.autoconfigure.ConditionEvaluationDeltaLoggingListener] [restartedMain] [56] [INFO ] Condition evaluation unchanged
[2021-03-04T22:46:15.015Z] [org.springframework.boot.StartupInfoLogger] [main] [50] [INFO ] Starting AuthenticationServiceApplication on b2ml28034 with PID 36092 (D:\Dev\git\AtlantisLoyalityPlatform\Source\Service\loyalty-authentication-service\target\classes started by M1047627 in D:\Dev\git\AtlantisLoyalityPlatform\Source\Service\loyalty-authentication-service)
[2021-03-04T22:46:15.015Z] [org.springframework.boot.SpringApplication] [main] [659] [INFO ] No active profile set, falling back to default profiles: default
[2021-03-04T22:46:15.015Z] [org.springframework.context.support.AbstractApplicationContext] [main] [590] [INFO ] Refreshing org.springframework.boot.web.servlet.context.AnnotationConfigServletWebServerApplicationContext@61884cb1: startup date [Thu Mar 04 22:46:15 IST 2021]; root of context hierarchy
[2021-03-04T22:46:31.031Z] [org.springframework.boot.web.embedded.tomcat.TomcatWebServer] [main] [91] [INFO ] Tomcat initialized with port(s): 8800 (http)
[2021-03-04T22:46:31.031Z] [org.apache.juli.logging.DirectJDKLog] [main] [180] [INFO ] Initializing ProtocolHandler ["http-nio-8800"]
[2021-03-04T22:46:31.031Z] [org.apache.juli.logging.DirectJDKLog] [main] [180] [INFO ] Starting service [Tomcat]
[2021-03-04T22:46:31.031Z] [org.apache.juli.logging.DirectJDKLog] [main] [180] [INFO ] Starting Servlet Engine: Apache Tomcat/8.5.31
[2021-03-04T22:46:31.031Z] [org.apache.juli.logging.DirectJDKLog] [localhost-startStop-1] [180] [INFO ] The APR based Apache Tomcat Native library which allows optimal performance in production environments was not found on the java.library.path: [C:\Program Files\Java\jdk-11\bin;C:\WINDOWS\Sun\Java\bin;C:\WINDOWS\system32;C:\WINDOWS;C:/Program Files/Java/jdk-11/bin/server;C:/Program Files/Java/jdk-11/bin;C:\Program Files (x86)\Common Files\Oracle\Java\javapath;C:\Program Files\Python38\Scripts\;C:\Program Files\Python38\;C:\WINDOWS\system32;C:\WINDOWS;C:\WINDOWS\System32\Wbem;C:\WINDOWS\System32\WindowsPowerShell\v1.0\;D:\Dev\Installations\apache-maven-3.5.4\\bin;D:\Dev\Installations\gradle-4.9\bin;D:\Dev\Installations\scala-2.12.3\bin;C:\Program Files\Java\jdk-11\bin;C:\Program Files\TortoiseSVN\bin;C:\Program Files\MySQL\MySQL Utilities 1.6\;C:\Program Files\PuTTY\;D:\kubectl;C:\WINDOWS\System32\OpenSSH\;C:\ProgramData\Anaconda2;C:\ProgramData\Anaconda2\Scripts;C:\Program Files\Git\cmd;C:\Users\m1047627\AppData\Local\Programs\Python\Python38\Scripts\;C:\Users\m1047627\AppData\Local\Programs\Python\Python38\;C:\Users\m1047627\AppData\Local\Microsoft\WindowsApps;D:\kubectl;D:\Dev\Installations\sbt-1.3.8\bin;D:\Dev\Installations\SoftHSM2\lib;D:\SoftHSM2\bin;D:\Dev\Installations\ballerina-1.2.8\bin;;D:\Dev\Installations\Eclipse\eclipse-jee-2020-06-R-win32-x86_64;;.]
[2021-03-04T22:46:32.032Z] [org.apache.juli.logging.DirectJDKLog] [localhost-startStop-1] [180] [INFO ] Initializing Spring embedded WebApplicationContext
[2021-03-04T22:46:32.032Z] [org.springframework.boot.web.servlet.context.ServletWebServerApplicationContext] [localhost-startStop-1] [285] [INFO ] Root WebApplicationContext: initialization completed in 16598 ms
[2021-03-04T22:46:33.033Z] [org.springframework.boot.web.servlet.ServletRegistrationBean] [localhost-startStop-1] [185] [INFO ] Servlet dispatcherServlet mapped to [/]
[2021-03-04T22:46:33.033Z] [org.springframework.boot.web.servlet.AbstractFilterRegistrationBean] [localhost-startStop-1] [244] [INFO ] Mapping filter: 'characterEncodingFilter' to: [/*]
[2021-03-04T22:46:33.033Z] [org.springframework.boot.web.servlet.AbstractFilterRegistrationBean] [localhost-startStop-1] [244] [INFO ] Mapping filter: 'hiddenHttpMethodFilter' to: [/*]
[2021-03-04T22:46:33.033Z] [org.springframework.boot.web.servlet.AbstractFilterRegistrationBean] [localhost-startStop-1] [244] [INFO ] Mapping filter: 'httpPutFormContentFilter' to: [/*]
[2021-03-04T22:46:33.033Z] [org.springframework.boot.web.servlet.AbstractFilterRegistrationBean] [localhost-startStop-1] [244] [INFO ] Mapping filter: 'requestContextFilter' to: [/*]
[2021-03-04T22:46:35.035Z] [org.springframework.web.servlet.handler.AbstractHandlerMethodMapping$MappingRegistry] [main] [547] [INFO ] Mapped "{[/clientlogin],methods=[POST]}" onto public com.mindtree.atlantis.loyalty.core.dto.ResponseWrapper<com.mindtree.atlantis.loyalty.core.dto.StatusResponseDTO> com.mindtree.atlantis.loyalty.auth.controller.AuthenticationController.clientLogin(com.mindtree.atlantis.loyalty.core.dto.RequestWrapper<com.mindtree.atlantis.loyalty.core.dto.auth.ClientAuthRequestDTO>) throws com.mindtree.atlantis.loyalty.core.exception.AtlantisBaseCheckedException
[2021-03-04T22:46:35.035Z] [org.springframework.web.servlet.handler.AbstractHandlerMethodMapping$MappingRegistry] [main] [547] [INFO ] Mapped "{[/swagger-resources/configuration/security]}" onto public org.springframework.http.ResponseEntity<springfox.documentation.swagger.web.SecurityConfiguration> springfox.documentation.swagger.web.ApiResourceController.securityConfiguration()
[2021-03-04T22:46:35.035Z] [org.springframework.web.servlet.handler.AbstractHandlerMethodMapping$MappingRegistry] [main] [547] [INFO ] Mapped "{[/swagger-resources]}" onto public org.springframework.http.ResponseEntity<java.util.List<springfox.documentation.swagger.web.SwaggerResource>> springfox.documentation.swagger.web.ApiResourceController.swaggerResources()
[2021-03-04T22:46:35.035Z] [org.springframework.web.servlet.handler.AbstractHandlerMethodMapping$MappingRegistry] [main] [547] [INFO ] Mapped "{[/swagger-resources/configuration/ui]}" onto public org.springframework.http.ResponseEntity<springfox.documentation.swagger.web.UiConfiguration> springfox.documentation.swagger.web.ApiResourceController.uiConfiguration()
[2021-03-04T22:46:35.035Z] [org.springframework.web.servlet.handler.AbstractHandlerMethodMapping$MappingRegistry] [main] [547] [INFO ] Mapped "{[/error]}" onto public org.springframework.http.ResponseEntity<java.util.Map<java.lang.String, java.lang.Object>> org.springframework.boot.autoconfigure.web.servlet.error.BasicErrorController.error(javax.servlet.http.HttpServletRequest)
[2021-03-04T22:46:35.035Z] [org.springframework.web.servlet.handler.AbstractHandlerMethodMapping$MappingRegistry] [main] [547] [INFO ] Mapped "{[/error],produces=[text/html]}" onto public org.springframework.web.servlet.ModelAndView org.springframework.boot.autoconfigure.web.servlet.error.BasicErrorController.errorHtml(javax.servlet.http.HttpServletRequest,javax.servlet.http.HttpServletResponse)
[2021-03-04T22:46:36.036Z] [springfox.documentation.spring.web.PropertySourcedRequestMappingHandlerMapping] [main] [69] [INFO ] Mapped URL path [/v2/api-docs] onto method [public org.springframework.http.ResponseEntity<springfox.documentation.spring.web.json.Json> springfox.documentation.swagger2.web.Swagger2Controller.getDocumentation(java.lang.String,javax.servlet.http.HttpServletRequest)]
[2021-03-04T22:46:37.037Z] [org.springframework.web.servlet.handler.AbstractUrlHandlerMapping] [main] [373] [INFO ] Mapped URL path [/**/favicon.ico] onto handler of type [class org.springframework.web.servlet.resource.ResourceHttpRequestHandler]
[2021-03-04T22:46:38.038Z] [org.springframework.web.servlet.mvc.method.annotation.RequestMappingHandlerAdapter] [main] [574] [INFO ] Looking for @ControllerAdvice: org.springframework.boot.web.servlet.context.AnnotationConfigServletWebServerApplicationContext@61884cb1: startup date [Thu Mar 04 22:46:15 IST 2021]; root of context hierarchy
[2021-03-04T22:46:38.038Z] [org.springframework.web.servlet.handler.AbstractUrlHandlerMapping] [main] [373] [INFO ] Mapped URL path [/webjars/**] onto handler of type [class org.springframework.web.servlet.resource.ResourceHttpRequestHandler]
[2021-03-04T22:46:38.038Z] [org.springframework.web.servlet.handler.AbstractUrlHandlerMapping] [main] [373] [INFO ] Mapped URL path [/**] onto handler of type [class org.springframework.web.servlet.resource.ResourceHttpRequestHandler]
[2021-03-04T22:46:38.038Z] [org.springframework.web.servlet.mvc.method.annotation.ExceptionHandlerExceptionResolver] [main] [288] [INFO ] Detected @ExceptionHandler methods in com.mindtree.atlantis.loyalty.core.exception.AtlantisExceptionHandler
[2021-03-04T22:46:39.039Z] [org.springframework.jmx.export.MBeanExporter] [main] [433] [INFO ] Registering beans for JMX exposure on startup
[2021-03-04T22:46:39.039Z] [org.springframework.context.support.DefaultLifecycleProcessor$LifecycleGroup] [main] [351] [INFO ] Starting beans in phase 2147483647
[2021-03-04T22:46:39.039Z] [springfox.documentation.spring.web.plugins.DocumentationPluginsBootstrapper] [main] [160] [INFO ] Context refreshed
[2021-03-04T22:46:39.039Z] [springfox.documentation.spring.web.plugins.DocumentationPluginsBootstrapper] [main] [163] [INFO ] Found 1 custom documentation plugin(s)
[2021-03-04T22:46:39.039Z] [springfox.documentation.spring.web.scanners.ApiListingReferenceScanner] [main] [41] [INFO ] Scanning for api listing references
[2021-03-04T22:46:40.040Z] [org.apache.juli.logging.DirectJDKLog] [main] [180] [INFO ] Starting ProtocolHandler ["http-nio-8800"]
[2021-03-04T22:46:40.040Z] [org.apache.juli.logging.DirectJDKLog] [main] [180] [INFO ] Using a shared selector for servlet write/read
[2021-03-04T22:46:40.040Z] [org.springframework.boot.web.embedded.tomcat.TomcatWebServer] [main] [206] [INFO ] Tomcat started on port(s): 8800 (http) with context path '/v1/authentication'
[2021-03-04T22:46:40.040Z] [org.springframework.boot.StartupInfoLogger] [main] [59] [INFO ] Started AuthenticationServiceApplication in 30.185 seconds (JVM running for 34.178)
